<?xml version="1.0" encoding="UTF-8"?>
<testng-results ignored="0" total="5" passed="4" failed="1" skipped="0">
  <reporter-output>
  </reporter-output>
  <suite started-at="2024-04-13T08:30:52 IST" name="Default suite" finished-at="2024-04-13T08:30:58 IST" duration-ms="5079">
    <groups>
      <group name="smoke">
        <method signature="AnnotationEx1.testingD()[pri:0, instance:sample.AnnotationEx1@7f0eb4b4]" name="testingD" class="sample.AnnotationEx1"/>
      </group> <!-- smoke -->
    </groups>
    <test started-at="2024-04-13T08:30:52 IST" name="Default test" finished-at="2024-04-13T08:30:58 IST" duration-ms="5079">
      <class name="sample.AnnotationEx1">
        <test-method signature="testingA()[pri:0, instance:sample.AnnotationEx1@7f0eb4b4]" started-at="2024-04-13T08:30:53 IST" name="testingA" finished-at="2024-04-13T08:30:57 IST" duration-ms="4936" status="PASS">
          <reporter-output>
          </reporter-output>
        </test-method> <!-- testingA -->
        <test-method signature="testingB(java.lang.String)[pri:0, instance:sample.AnnotationEx1@7f0eb4b4]" started-at="2024-04-13T08:30:57 IST" name="testingB" finished-at="2024-04-13T08:30:57 IST" duration-ms="0" status="FAIL">
          <exception class="org.testng.TestNGException">
            <message>
              <![CDATA[
Parameter 'browser' is required by @Test on method testingB but has not been marked @Optional or defined
in C:\Users\user\AppData\Local\Temp\testng-eclipse-1938267747\testng-customsuite.xml]]>
            </message>
            <full-stacktrace>
              <![CDATA[org.testng.TestNGException: 
Parameter 'browser' is required by @Test on method testingB but has not been marked @Optional or defined
in C:\Users\user\AppData\Local\Temp\testng-eclipse-1938267747\testng-customsuite.xml
at org.testng.internal.Parameters.createParams(Parameters.java:267)
at org.testng.internal.Parameters.createParametersForMethod(Parameters.java:355)
at org.testng.internal.Parameters.createParameters(Parameters.java:684)
at org.testng.internal.Parameters.handleParameters(Parameters.java:879)
at org.testng.internal.Parameters.handleParameters(Parameters.java:728)
at org.testng.internal.invokers.ParameterHandler.handleParameters(ParameterHandler.java:72)
at org.testng.internal.invokers.ParameterHandler.createParameters(ParameterHandler.java:51)
at org.testng.internal.invokers.TestInvoker$MethodInvocationAgent.invoke(TestInvoker.java:924)
at org.testng.internal.invokers.TestInvoker.invokeTestMethods(TestInvoker.java:194)
at org.testng.internal.invokers.TestMethodWorker.invokeTestMethods(TestMethodWorker.java:148)
at org.testng.internal.invokers.TestMethodWorker.run(TestMethodWorker.java:128)
at java.base/java.util.ArrayList.forEach(ArrayList.java:1511)
at org.testng.TestRunner.privateRun(TestRunner.java:829)
at org.testng.TestRunner.run(TestRunner.java:602)
at org.testng.SuiteRunner.runTest(SuiteRunner.java:437)
at org.testng.SuiteRunner.runSequentially(SuiteRunner.java:431)
at org.testng.SuiteRunner.privateRun(SuiteRunner.java:391)
at org.testng.SuiteRunner.run(SuiteRunner.java:330)
at org.testng.SuiteRunnerWorker.runSuite(SuiteRunnerWorker.java:52)
at org.testng.SuiteRunnerWorker.run(SuiteRunnerWorker.java:95)
at org.testng.TestNG.runSuitesSequentially(TestNG.java:1256)
at org.testng.TestNG.runSuitesLocally(TestNG.java:1176)
at org.testng.TestNG.runSuites(TestNG.java:1099)
at org.testng.TestNG.run(TestNG.java:1067)
at org.testng.remote.AbstractRemoteTestNG.run(AbstractRemoteTestNG.java:115)
at org.testng.remote.RemoteTestNG.initAndRun(RemoteTestNG.java:251)
at org.testng.remote.RemoteTestNG.main(RemoteTestNG.java:77)
]]>
            </full-stacktrace>
          </exception> <!-- org.testng.TestNGException -->
          <reporter-output>
          </reporter-output>
        </test-method> <!-- testingB -->
        <test-method signature="testingC()[pri:0, instance:sample.AnnotationEx1@7f0eb4b4]" started-at="2024-04-13T08:30:58 IST" name="testingC" finished-at="2024-04-13T08:30:58 IST" duration-ms="4" status="PASS">
          <reporter-output>
          </reporter-output>
        </test-method> <!-- testingC -->
        <test-method signature="testingD()[pri:0, instance:sample.AnnotationEx1@7f0eb4b4]" started-at="2024-04-13T08:30:58 IST" name="testingD" finished-at="2024-04-13T08:30:58 IST" duration-ms="2" status="PASS">
          <reporter-output>
          </reporter-output>
        </test-method> <!-- testingD -->
        <test-method signature="testingE()[pri:0, instance:sample.AnnotationEx1@7f0eb4b4]" started-at="2024-04-13T08:30:58 IST" name="testingE" finished-at="2024-04-13T08:30:58 IST" duration-ms="1" status="PASS">
          <reporter-output>
          </reporter-output>
        </test-method> <!-- testingE -->
      </class> <!-- sample.AnnotationEx1 -->
    </test> <!-- Default test -->
  </suite> <!-- Default suite -->
</testng-results>
