<?xml version="1.0" encoding="UTF-8"?>
<!-- Generated by org.testng.reporters.JUnitXMLReporter -->
<testsuite ignored="5" hostname="DESKTOP-KGS15T6" failures="1" tests="3" name="JavaScriptAlerts" time="19.435" errors="0" timestamp="2024-04-15T20:47:48 IST">
  <testcase classname="sample.AnnotationEx1" name="testingA" time="6.739">
    <skipped/>
  </testcase> <!-- testingA -->
  <testcase classname="sample.AnnotationEx1" name="testingA" time="4.752">
    <skipped/>
  </testcase> <!-- testingA -->
  <testcase classname="sample.AnnotationEx1" name="testingA" time="7.75">
    <failure type="java.lang.AssertionError" message="expected [Wikipedia, the free encyclopediaa] but found [Wikipedia, the free encyclopedia]">
      <![CDATA[java.lang.AssertionError: expected [Wikipedia, the free encyclopediaa] but found [Wikipedia, the free encyclopedia]
at sample.AnnotationEx1.testingA(AnnotationEx1.java:28)
at java.base/java.util.ArrayList.forEach(ArrayList.java:1511)
... Removed 33 stack frames]]>
    </failure>
  </testcase> <!-- testingA -->
  <testcase classname="sample.AnnotationEx1" name="testingC" time="0.0">
    <ignored/>
  </testcase> <!-- testingC -->
  <testcase classname="sample.AnnotationEx1" name="testingB" time="0.0">
    <ignored/>
  </testcase> <!-- testingB -->
  <testcase classname="sample.AnnotationEx1" name="testingE" time="0.0">
    <ignored/>
  </testcase> <!-- testingE -->
  <testcase classname="sample.AnnotationEx1" name="testingD" time="0.0">
    <ignored/>
  </testcase> <!-- testingD -->
  <testcase classname="sample.AnnotationEx1" name="samplePrintout" time="0.0">
    <ignored/>
  </testcase> <!-- samplePrintout -->
</testsuite> <!-- JavaScriptAlerts -->
